<?xml version="1.0" encoding="UTF-8"?>
<!-- Generated by org.testng.reporters.JUnitReportReporter -->
<testsuite hostname="DESKTOP-1MH0N8Q" failures="0" tests="3" name="hust.cs.javacourse.search.parse.StopWordTermTupleFilterTest" time="0.000" errors="0" timestamp="14 5æœˆ 2021 09:10:22 GMT" skipped="0">
  <testcase classname="hust.cs.javacourse.search.parse.StopWordTermTupleFilterTest" name="testNext" time="0.000"/>
  <testcase classname="hust.cs.javacourse.search.parse.StopWordTermTupleFilterTest" name="testNext" time="0.000"/>
  <testcase classname="hust.cs.javacourse.search.parse.StopWordTermTupleFilterTest" name="testNext" time="0.000"/>
</testsuite> <!-- hust.cs.javacourse.search.parse.StopWordTermTupleFilterTest -->
